#
# There is insufficient memory for the Java Runtime Environment to continue.
# Native memory allocation (malloc) failed to allocate 32744 bytes for ChunkPool::allocate
# Possible reasons:
#   The system is out of physical RAM or swap space
#   The process is running with CompressedOops enabled, and the Java Heap may be blocking the growth of the native heap
# Possible solutions:
#   Reduce memory load on the system
#   Increase physical memory or swap space
#   Check if swap backing store is full
#   Decrease Java heap size (-Xmx/-Xms)
#   Decrease number of Java threads
#   Decrease Java thread stack sizes (-Xss)
#   Set larger code cache with -XX:ReservedCodeCacheSize=
#   JVM is running with Zero Based Compressed Oops mode in which the Java heap is
#     placed in the first 32GB address space. The Java Heap base address is the
#     maximum limit for the native heap growth. Please use -XX:HeapBaseMinAddress
#     to set the Java Heap base and to place the Java Heap above 32GB virtual address.
# This output file may be truncated or incomplete.
#
#  Out of Memory Error (./src/hotspot/share/memory/arena.cpp:81), pid=26360, tid=22224
#
# JRE version: OpenJDK Runtime Environment OpenLogic-OpenJDK (11.0.18+10) (build 11.0.18+10-adhoc..jdk11u)
# Java VM: OpenJDK 64-Bit Server VM OpenLogic-OpenJDK (11.0.18+10-adhoc..jdk11u, mixed mode, tiered, compressed oops, g1 gc, windows-amd64)
# No core dump will be written. Minidumps are not enabled by default on client versions of Windows
#

---------------  S U M M A R Y ------------

Command Line: -Dclassworlds.conf=C:\softwares\apache-maven-3.6.3\bin\..\bin\m2.conf -Dmaven.home=C:\softwares\apache-maven-3.6.3\bin\.. -Dlibrary.jansi.path=C:\softwares\apache-maven-3.6.3\bin\..\lib\jansi-native -Dmaven.multiModuleProjectDirectory=D:\works\microservices_training\spring-boot-ribbon\ribbon-server org.codehaus.plexus.classworlds.launcher.Launcher spring-boot:run

Host: Intel(R) Core(TM) i5-8265U CPU @ 1.60GHz, 8 cores, 15G,  Windows 10 , 64 bit Build 18362 (10.0.18362.1110)
Time: Wed Feb 15 10:59:07 2023 India Standard Time elapsed time: 0.487326 seconds (0d 0h 0m 0s)

---------------  T H R E A D  ---------------

Current thread (0x000002d000ca8000):  JavaThread "C2 CompilerThread2" daemon [_thread_in_native, id=22224, stack(0x000000f1bf000000,0x000000f1bf100000)]


Current CompileTask:
C2:    487  936       4       org.codehaus.plexus.util.xml.XmlReader::read (11 bytes)

Stack: [0x000000f1bf000000,0x000000f1bf100000]
Native frames: (J=compiled Java code, j=interpreted, Vv=VM code, C=native code)
V  [jvm.dll+0x61e0ba]
V  [jvm.dll+0x75b0b9]
V  [jvm.dll+0x75c7a8]
V  [jvm.dll+0x75ce83]
V  [jvm.dll+0x24de78]
V  [jvm.dll+0xc16cb]
V  [jvm.dll+0xc1a2c]
V  [jvm.dll+0x5fb447]
V  [jvm.dll+0x5faf7e]
V  [jvm.dll+0x6314fb]
V  [jvm.dll+0x62f94e]
V  [jvm.dll+0x18a86c]
V  [jvm.dll+0x2c05e6]
V  [jvm.dll+0x63a938]
V  [jvm.dll+0x6326ef]
V  [jvm.dll+0x631d7b]
V  [jvm.dll+0x62fc35]
V  [jvm.dll+0x18a86c]
V  [jvm.dll+0x2c05e6]
V  [jvm.dll+0x63a938]
V  [jvm.dll+0x6326ef]
V  [jvm.dll+0x631d7b]
V  [jvm.dll+0x62fc35]
V  [jvm.dll+0x18a86c]
V  [jvm.dll+0x2c05e6]
V  [jvm.dll+0x63a938]
V  [jvm.dll+0x6326ef]
V  [jvm.dll+0x631d7b]
V  [jvm.dll+0x62fc35]
V  [jvm.dll+0x18a86c]
V  [jvm.dll+0x18b3f9]
V  [jvm.dll+0x2c05e6]
V  [jvm.dll+0x63a938]
V  [jvm.dll+0x6326ef]
V  [jvm.dll+0x631d7b]
V  [jvm.dll+0x62fc35]
V  [jvm.dll+0x18a86c]
V  [jvm.dll+0x206088]
V  [jvm.dll+0x187e91]
V  [jvm.dll+0x215b84]
V  [jvm.dll+0x213dcb]
V  [jvm.dll+0x71dd50]
V  [jvm.dll+0x716c84]
V  [jvm.dll+0x61cf25]
C  [ucrtbase.dll+0x210b2]
C  [KERNEL32.DLL+0x17c24]
C  [ntdll.dll+0x6d4d1]


---------------  P R O C E S S  ---------------

Threads class SMR info:
_java_thread_list=0x000002d07f9e06d0, length=12, elements={
0x000002d0593d7000, 0x000002d07f7fc000, 0x000002d07f7fd800, 0x000002d07f849800,
0x000002d07f84d000, 0x000002d07f84e000, 0x000002d07f851000, 0x000002d07f854800,
0x000002d07f856000, 0x000002d07f9d9000, 0x000002d0008d2000, 0x000002d000ca8000
}

Java Threads: ( => current thread )
  0x000002d0593d7000 JavaThread "main" [_thread_in_native, id=27208, stack(0x000000f1bde00000,0x000000f1bdf00000)]
  0x000002d07f7fc000 JavaThread "Reference Handler" daemon [_thread_blocked, id=21196, stack(0x000000f1be500000,0x000000f1be600000)]
  0x000002d07f7fd800 JavaThread "Finalizer" daemon [_thread_blocked, id=19404, stack(0x000000f1be600000,0x000000f1be700000)]
  0x000002d07f849800 JavaThread "Signal Dispatcher" daemon [_thread_blocked, id=19428, stack(0x000000f1be700000,0x000000f1be800000)]
  0x000002d07f84d000 JavaThread "Attach Listener" daemon [_thread_blocked, id=15560, stack(0x000000f1be800000,0x000000f1be900000)]
  0x000002d07f84e000 JavaThread "Service Thread" daemon [_thread_blocked, id=24512, stack(0x000000f1be900000,0x000000f1bea00000)]
  0x000002d07f851000 JavaThread "C2 CompilerThread0" daemon [_thread_in_native, id=26048, stack(0x000000f1bea00000,0x000000f1beb00000)]
  0x000002d07f854800 JavaThread "C1 CompilerThread0" daemon [_thread_in_native, id=7712, stack(0x000000f1beb00000,0x000000f1bec00000)]
  0x000002d07f856000 JavaThread "Sweeper thread" daemon [_thread_blocked, id=27572, stack(0x000000f1bec00000,0x000000f1bed00000)]
  0x000002d07f9d9000 JavaThread "Common-Cleaner" daemon [_thread_blocked, id=18292, stack(0x000000f1bee00000,0x000000f1bef00000)]
  0x000002d0008d2000 JavaThread "C2 CompilerThread1" daemon [_thread_in_native, id=15348, stack(0x000000f1bef00000,0x000000f1bf000000)]
=>0x000002d000ca8000 JavaThread "C2 CompilerThread2" daemon [_thread_in_native, id=22224, stack(0x000000f1bf000000,0x000000f1bf100000)]

Other Threads:
  0x000002d07f7c4800 VMThread "VM Thread" [stack: 0x000000f1be400000,0x000000f1be500000] [id=26236]
  0x000002d07f9d3800 WatcherThread [stack: 0x000000f1bed00000,0x000000f1bee00000] [id=27584]
  0x000002d0593ee000 GCTaskThread "GC Thread#0" [stack: 0x000000f1bdf00000,0x000000f1be000000] [id=27440]
  0x000002d05944c000 ConcurrentGCThread "G1 Main Marker" [stack: 0x000000f1be000000,0x000000f1be100000] [id=16248]
  0x000002d05944d000 ConcurrentGCThread "G1 Conc#0" [stack: 0x000000f1be100000,0x000000f1be200000] [id=26932]
  0x000002d07ee26000 ConcurrentGCThread "G1 Refine#0" [stack: 0x000000f1be200000,0x000000f1be300000] [id=14936]
  0x000002d07ee27000 ConcurrentGCThread "G1 Young RemSet Sampling" [stack: 0x000000f1be300000,0x000000f1be400000] [id=8000]

Threads with active compile tasks:
C2 CompilerThread0      514  935       4       java.io.InputStreamReader::read (11 bytes)
C2 CompilerThread1      514  978       4       org.codehaus.plexus.util.xml.pull.MXParser::nextImpl (1202 bytes)
C2 CompilerThread2      514  936       4       org.codehaus.plexus.util.xml.XmlReader::read (11 bytes)

VM state:not at safepoint (normal execution)

VM Mutex/Monitor currently owned by a thread: None

Heap address: 0x0000000703600000, size: 4042 MB, Compressed Oops mode: Zero based, Oop shift amount: 3
Narrow klass base: 0x0000000800000000, Narrow klass shift: 0
Compressed class space size: 1073741824 Address: 0x0000000800000000

Heap:
 garbage-first heap   total 260096K, used 22528K [0x0000000703600000, 0x0000000800000000)
  region size 1024K, 24 young (24576K), 0 survivors (0K)
 Metaspace       used 12532K, capacity 12693K, committed 12928K, reserved 1060864K
  class space    used 1244K, capacity 1316K, committed 1408K, reserved 1048576K
Heap Regions: E=young(eden), S=young(survivor), O=old, HS=humongous(starts), HC=humongous(continues), CS=collection set, F=free, A=archive, TAMS=top-at-mark-start (previous, next)
|   0|0x0000000703600000, 0x0000000703600000, 0x0000000703700000|  0%| F|  |TAMS 0x0000000703600000, 0x0000000703600000| Untracked 
|   1|0x0000000703700000, 0x0000000703700000, 0x0000000703800000|  0%| F|  |TAMS 0x0000000703700000, 0x0000000703700000| Untracked 
|   2|0x0000000703800000, 0x0000000703800000, 0x0000000703900000|  0%| F|  |TAMS 0x0000000703800000, 0x0000000703800000| Untracked 
|   3|0x0000000703900000, 0x0000000703900000, 0x0000000703a00000|  0%| F|  |TAMS 0x0000000703900000, 0x0000000703900000| Untracked 
|   4|0x0000000703a00000, 0x0000000703a00000, 0x0000000703b00000|  0%| F|  |TAMS 0x0000000703a00000, 0x0000000703a00000| Untracked 
|   5|0x0000000703b00000, 0x0000000703b00000, 0x0000000703c00000|  0%| F|  |TAMS 0x0000000703b00000, 0x0000000703b00000| Untracked 
|   6|0x0000000703c00000, 0x0000000703c00000, 0x0000000703d00000|  0%| F|  |TAMS 0x0000000703c00000, 0x0000000703c00000| Untracked 
|   7|0x0000000703d00000, 0x0000000703d00000, 0x0000000703e00000|  0%| F|  |TAMS 0x0000000703d00000, 0x0000000703d00000| Untracked 
|   8|0x0000000703e00000, 0x0000000703e00000, 0x0000000703f00000|  0%| F|  |TAMS 0x0000000703e00000, 0x0000000703e00000| Untracked 
|   9|0x0000000703f00000, 0x0000000703f00000, 0x0000000704000000|  0%| F|  |TAMS 0x0000000703f00000, 0x0000000703f00000| Untracked 
|  10|0x0000000704000000, 0x0000000704000000, 0x0000000704100000|  0%| F|  |TAMS 0x0000000704000000, 0x0000000704000000| Untracked 
|  11|0x0000000704100000, 0x0000000704100000, 0x0000000704200000|  0%| F|  |TAMS 0x0000000704100000, 0x0000000704100000| Untracked 
|  12|0x0000000704200000, 0x0000000704200000, 0x0000000704300000|  0%| F|  |TAMS 0x0000000704200000, 0x0000000704200000| Untracked 
|  13|0x0000000704300000, 0x0000000704300000, 0x0000000704400000|  0%| F|  |TAMS 0x0000000704300000, 0x0000000704300000| Untracked 
|  14|0x0000000704400000, 0x0000000704400000, 0x0000000704500000|  0%| F|  |TAMS 0x0000000704400000, 0x0000000704400000| Untracked 
|  15|0x0000000704500000, 0x0000000704500000, 0x0000000704600000|  0%| F|  |TAMS 0x0000000704500000, 0x0000000704500000| Untracked 
|  16|0x0000000704600000, 0x0000000704600000, 0x0000000704700000|  0%| F|  |TAMS 0x0000000704600000, 0x0000000704600000| Untracked 
|  17|0x0000000704700000, 0x0000000704700000, 0x0000000704800000|  0%| F|  |TAMS 0x0000000704700000, 0x0000000704700000| Untracked 
|  18|0x0000000704800000, 0x0000000704800000, 0x0000000704900000|  0%| F|  |TAMS 0x0000000704800000, 0x0000000704800000| Untracked 
|  19|0x0000000704900000, 0x0000000704900000, 0x0000000704a00000|  0%| F|  |TAMS 0x0000000704900000, 0x0000000704900000| Untracked 
|  20|0x0000000704a00000, 0x0000000704a00000, 0x0000000704b00000|  0%| F|  |TAMS 0x0000000704a00000, 0x0000000704a00000| Untracked 
|  21|0x0000000704b00000, 0x0000000704b00000, 0x0000000704c00000|  0%| F|  |TAMS 0x0000000704b00000, 0x0000000704b00000| Untracked 
|  22|0x0000000704c00000, 0x0000000704c00000, 0x0000000704d00000|  0%| F|  |TAMS 0x0000000704c00000, 0x0000000704c00000| Untracked 
|  23|0x0000000704d00000, 0x0000000704d00000, 0x0000000704e00000|  0%| F|  |TAMS 0x0000000704d00000, 0x0000000704d00000| Untracked 
|  24|0x0000000704e00000, 0x0000000704e00000, 0x0000000704f00000|  0%| F|  |TAMS 0x0000000704e00000, 0x0000000704e00000| Untracked 
|  25|0x0000000704f00000, 0x0000000704f00000, 0x0000000705000000|  0%| F|  |TAMS 0x0000000704f00000, 0x0000000704f00000| Untracked 
|  26|0x0000000705000000, 0x0000000705000000, 0x0000000705100000|  0%| F|  |TAMS 0x0000000705000000, 0x0000000705000000| Untracked 
|  27|0x0000000705100000, 0x0000000705100000, 0x0000000705200000|  0%| F|  |TAMS 0x0000000705100000, 0x0000000705100000| Untracked 
|  28|0x0000000705200000, 0x0000000705200000, 0x0000000705300000|  0%| F|  |TAMS 0x0000000705200000, 0x0000000705200000| Untracked 
|  29|0x0000000705300000, 0x0000000705300000, 0x0000000705400000|  0%| F|  |TAMS 0x0000000705300000, 0x0000000705300000| Untracked 
|  30|0x0000000705400000, 0x0000000705400000, 0x0000000705500000|  0%| F|  |TAMS 0x0000000705400000, 0x0000000705400000| Untracked 
|  31|0x0000000705500000, 0x0000000705500000, 0x0000000705600000|  0%| F|  |TAMS 0x0000000705500000, 0x0000000705500000| Untracked 
|  32|0x0000000705600000, 0x0000000705600000, 0x0000000705700000|  0%| F|  |TAMS 0x0000000705600000, 0x0000000705600000| Untracked 
|  33|0x0000000705700000, 0x0000000705700000, 0x0000000705800000|  0%| F|  |TAMS 0x0000000705700000, 0x0000000705700000| Untracked 
|  34|0x0000000705800000, 0x0000000705800000, 0x0000000705900000|  0%| F|  |TAMS 0x0000000705800000, 0x0000000705800000| Untracked 
|  35|0x0000000705900000, 0x0000000705900000, 0x0000000705a00000|  0%| F|  |TAMS 0x0000000705900000, 0x0000000705900000| Untracked 
|  36|0x0000000705a00000, 0x0000000705a00000, 0x0000000705b00000|  0%| F|  |TAMS 0x0000000705a00000, 0x0000000705a00000| Untracked 
|  37|0x0000000705b00000, 0x0000000705b00000, 0x0000000705c00000|  0%| F|  |TAMS 0x0000000705b00000, 0x0000000705b00000| Untracked 
|  38|0x0000000705c00000, 0x0000000705c00000, 0x0000000705d00000|  0%| F|  |TAMS 0x0000000705c00000, 0x0000000705c00000| Untracked 
|  39|0x0000000705d00000, 0x0000000705d00000, 0x0000000705e00000|  0%| F|  |TAMS 0x0000000705d00000, 0x0000000705d00000| Untracked 
|  40|0x0000000705e00000, 0x0000000705e00000, 0x0000000705f00000|  0%| F|  |TAMS 0x0000000705e00000, 0x0000000705e00000| Untracked 
|  41|0x0000000705f00000, 0x0000000705f00000, 0x0000000706000000|  0%| F|  |TAMS 0x0000000705f00000, 0x0000000705f00000| Untracked 
|  42|0x0000000706000000, 0x0000000706000000, 0x0000000706100000|  0%| F|  |TAMS 0x0000000706000000, 0x0000000706000000| Untracked 
|  43|0x0000000706100000, 0x0000000706100000, 0x0000000706200000|  0%| F|  |TAMS 0x0000000706100000, 0x0000000706100000| Untracked 
|  44|0x0000000706200000, 0x0000000706200000, 0x0000000706300000|  0%| F|  |TAMS 0x0000000706200000, 0x0000000706200000| Untracked 
|  45|0x0000000706300000, 0x0000000706300000, 0x0000000706400000|  0%| F|  |TAMS 0x0000000706300000, 0x0000000706300000| Untracked 
|  46|0x0000000706400000, 0x0000000706400000, 0x0000000706500000|  0%| F|  |TAMS 0x0000000706400000, 0x0000000706400000| Untracked 
|  47|0x0000000706500000, 0x0000000706500000, 0x0000000706600000|  0%| F|  |TAMS 0x0000000706500000, 0x0000000706500000| Untracked 
|  48|0x0000000706600000, 0x0000000706600000, 0x0000000706700000|  0%| F|  |TAMS 0x0000000706600000, 0x0000000706600000| Untracked 
|  49|0x0000000706700000, 0x0000000706700000, 0x0000000706800000|  0%| F|  |TAMS 0x0000000706700000, 0x0000000706700000| Untracked 
|  50|0x0000000706800000, 0x0000000706800000, 0x0000000706900000|  0%| F|  |TAMS 0x0000000706800000, 0x0000000706800000| Untracked 
|  51|0x0000000706900000, 0x0000000706900000, 0x0000000706a00000|  0%| F|  |TAMS 0x0000000706900000, 0x0000000706900000| Untracked 
|  52|0x0000000706a00000, 0x0000000706a00000, 0x0000000706b00000|  0%| F|  |TAMS 0x0000000706a00000, 0x0000000706a00000| Untracked 
|  53|0x0000000706b00000, 0x0000000706b00000, 0x0000000706c00000|  0%| F|  |TAMS 0x0000000706b00000, 0x0000000706b00000| Untracked 
|  54|0x0000000706c00000, 0x0000000706c00000, 0x0000000706d00000|  0%| F|  |TAMS 0x0000000706c00000, 0x0000000706c00000| Untracked 
|  55|0x0000000706d00000, 0x0000000706d00000, 0x0000000706e00000|  0%| F|  |TAMS 0x0000000706d00000, 0x0000000706d00000| Untracked 
|  56|0x0000000706e00000, 0x0000000706e00000, 0x0000000706f00000|  0%| F|  |TAMS 0x0000000706e00000, 0x0000000706e00000| Untracked 
|  57|0x0000000706f00000, 0x0000000706f00000, 0x0000000707000000|  0%| F|  |TAMS 0x0000000706f00000, 0x0000000706f00000| Untracked 
|  58|0x0000000707000000, 0x0000000707000000, 0x0000000707100000|  0%| F|  |TAMS 0x0000000707000000, 0x0000000707000000| Untracked 
|  59|0x0000000707100000, 0x0000000707100000, 0x0000000707200000|  0%| F|  |TAMS 0x0000000707100000, 0x0000000707100000| Untracked 
|  60|0x0000000707200000, 0x0000000707200000, 0x0000000707300000|  0%| F|  |TAMS 0x0000000707200000, 0x0000000707200000| Untracked 
|  61|0x0000000707300000, 0x0000000707300000, 0x0000000707400000|  0%| F|  |TAMS 0x0000000707300000, 0x0000000707300000| Untracked 
|  62|0x0000000707400000, 0x0000000707400000, 0x0000000707500000|  0%| F|  |TAMS 0x0000000707400000, 0x0000000707400000| Untracked 
|  63|0x0000000707500000, 0x0000000707500000, 0x0000000707600000|  0%| F|  |TAMS 0x0000000707500000, 0x0000000707500000| Untracked 
|  64|0x0000000707600000, 0x0000000707600000, 0x0000000707700000|  0%| F|  |TAMS 0x0000000707600000, 0x0000000707600000| Untracked 
|  65|0x0000000707700000, 0x0000000707700000, 0x0000000707800000|  0%| F|  |TAMS 0x0000000707700000, 0x0000000707700000| Untracked 
|  66|0x0000000707800000, 0x0000000707800000, 0x0000000707900000|  0%| F|  |TAMS 0x0000000707800000, 0x0000000707800000| Untracked 
|  67|0x0000000707900000, 0x0000000707900000, 0x0000000707a00000|  0%| F|  |TAMS 0x0000000707900000, 0x0000000707900000| Untracked 
|  68|0x0000000707a00000, 0x0000000707a00000, 0x0000000707b00000|  0%| F|  |TAMS 0x0000000707a00000, 0x0000000707a00000| Untracked 
|  69|0x0000000707b00000, 0x0000000707b00000, 0x0000000707c00000|  0%| F|  |TAMS 0x0000000707b00000, 0x0000000707b00000| Untracked 
|  70|0x0000000707c00000, 0x0000000707c00000, 0x0000000707d00000|  0%| F|  |TAMS 0x0000000707c00000, 0x0000000707c00000| Untracked 
|  71|0x0000000707d00000, 0x0000000707d00000, 0x0000000707e00000|  0%| F|  |TAMS 0x0000000707d00000, 0x0000000707d00000| Untracked 
|  72|0x0000000707e00000, 0x0000000707e00000, 0x0000000707f00000|  0%| F|  |TAMS 0x0000000707e00000, 0x0000000707e00000| Untracked 
|  73|0x0000000707f00000, 0x0000000707f00000, 0x0000000708000000|  0%| F|  |TAMS 0x0000000707f00000, 0x0000000707f00000| Untracked 
|  74|0x0000000708000000, 0x0000000708000000, 0x0000000708100000|  0%| F|  |TAMS 0x0000000708000000, 0x0000000708000000| Untracked 
|  75|0x0000000708100000, 0x0000000708100000, 0x0000000708200000|  0%| F|  |TAMS 0x0000000708100000, 0x0000000708100000| Untracked 
|  76|0x0000000708200000, 0x0000000708200000, 0x0000000708300000|  0%| F|  |TAMS 0x0000000708200000, 0x0000000708200000| Untracked 
|  77|0x0000000708300000, 0x0000000708300000, 0x0000000708400000|  0%| F|  |TAMS 0x0000000708300000, 0x0000000708300000| Untracked 
|  78|0x0000000708400000, 0x0000000708400000, 0x0000000708500000|  0%| F|  |TAMS 0x0000000708400000, 0x0000000708400000| Untracked 
|  79|0x0000000708500000, 0x0000000708500000, 0x0000000708600000|  0%| F|  |TAMS 0x0000000708500000, 0x0000000708500000| Untracked 
|  80|0x0000000708600000, 0x0000000708600000, 0x0000000708700000|  0%| F|  |TAMS 0x0000000708600000, 0x0000000708600000| Untracked 
|  81|0x0000000708700000, 0x0000000708700000, 0x0000000708800000|  0%| F|  |TAMS 0x0000000708700000, 0x0000000708700000| Untracked 
|  82|0x0000000708800000, 0x0000000708800000, 0x0000000708900000|  0%| F|  |TAMS 0x0000000708800000, 0x0000000708800000| Untracked 
|  83|0x0000000708900000, 0x0000000708900000, 0x0000000708a00000|  0%| F|  |TAMS 0x0000000708900000, 0x0000000708900000| Untracked 
|  84|0x0000000708a00000, 0x0000000708a00000, 0x0000000708b00000|  0%| F|  |TAMS 0x0000000708a00000, 0x0000000708a00000| Untracked 
|  85|0x0000000708b00000, 0x0000000708b00000, 0x0000000708c00000|  0%| F|  |TAMS 0x0000000708b00000, 0x0000000708b00000| Untracked 
|  86|0x0000000708c00000, 0x0000000708c00000, 0x0000000708d00000|  0%| F|  |TAMS 0x0000000708c00000, 0x0000000708c00000| Untracked 
|  87|0x0000000708d00000, 0x0000000708d00000, 0x0000000708e00000|  0%| F|  |TAMS 0x0000000708d00000, 0x0000000708d00000| Untracked 
|  88|0x0000000708e00000, 0x0000000708e00000, 0x0000000708f00000|  0%| F|  |TAMS 0x0000000708e00000, 0x0000000708e00000| Untracked 
|  89|0x0000000708f00000, 0x0000000708f00000, 0x0000000709000000|  0%| F|  |TAMS 0x0000000708f00000, 0x0000000708f00000| Untracked 
|  90|0x0000000709000000, 0x0000000709000000, 0x0000000709100000|  0%| F|  |TAMS 0x0000000709000000, 0x0000000709000000| Untracked 
|  91|0x0000000709100000, 0x0000000709100000, 0x0000000709200000|  0%| F|  |TAMS 0x0000000709100000, 0x0000000709100000| Untracked 
|  92|0x0000000709200000, 0x0000000709200000, 0x0000000709300000|  0%| F|  |TAMS 0x0000000709200000, 0x0000000709200000| Untracked 
|  93|0x0000000709300000, 0x0000000709300000, 0x0000000709400000|  0%| F|  |TAMS 0x0000000709300000, 0x0000000709300000| Untracked 
|  94|0x0000000709400000, 0x0000000709400000, 0x0000000709500000|  0%| F|  |TAMS 0x0000000709400000, 0x0000000709400000| Untracked 
|  95|0x0000000709500000, 0x0000000709500000, 0x0000000709600000|  0%| F|  |TAMS 0x0000000709500000, 0x0000000709500000| Untracked 
|  96|0x0000000709600000, 0x0000000709600000, 0x0000000709700000|  0%| F|  |TAMS 0x0000000709600000, 0x0000000709600000| Untracked 
|  97|0x0000000709700000, 0x0000000709700000, 0x0000000709800000|  0%| F|  |TAMS 0x0000000709700000, 0x0000000709700000| Untracked 
|  98|0x0000000709800000, 0x0000000709800000, 0x0000000709900000|  0%| F|  |TAMS 0x0000000709800000, 0x0000000709800000| Untracked 
|  99|0x0000000709900000, 0x0000000709900000, 0x0000000709a00000|  0%| F|  |TAMS 0x0000000709900000, 0x0000000709900000| Untracked 
| 100|0x0000000709a00000, 0x0000000709a00000, 0x0000000709b00000|  0%| F|  |TAMS 0x0000000709a00000, 0x0000000709a00000| Untracked 
| 101|0x0000000709b00000, 0x0000000709b00000, 0x0000000709c00000|  0%| F|  |TAMS 0x0000000709b00000, 0x0000000709b00000| Untracked 
| 102|0x0000000709c00000, 0x0000000709c00000, 0x0000000709d00000|  0%| F|  |TAMS 0x0000000709c00000, 0x0000000709c00000| Untracked 
| 103|0x0000000709d00000, 0x0000000709d00000, 0x0000000709e00000|  0%| F|  |TAMS 0x0000000709d00000, 0x0000000709d00000| Untracked 
| 104|0x0000000709e00000, 0x0000000709e00000, 0x0000000709f00000|  0%| F|  |TAMS 0x0000000709e00000, 0x0000000709e00000| Untracked 
| 105|0x0000000709f00000, 0x0000000709f00000, 0x000000070a000000|  0%| F|  |TAMS 0x0000000709f00000, 0x0000000709f00000| Untracked 
| 106|0x000000070a000000, 0x000000070a000000, 0x000000070a100000|  0%| F|  |TAMS 0x000000070a000000, 0x000000070a000000| Untracked 
| 107|0x000000070a100000, 0x000000070a100000, 0x000000070a200000|  0%| F|  |TAMS 0x000000070a100000, 0x000000070a100000| Untracked 
| 108|0x000000070a200000, 0x000000070a200000, 0x000000070a300000|  0%| F|  |TAMS 0x000000070a200000, 0x000000070a200000| Untracked 
| 109|0x000000070a300000, 0x000000070a300000, 0x000000070a400000|  0%| F|  |TAMS 0x000000070a300000, 0x000000070a300000| Untracked 
| 110|0x000000070a400000, 0x000000070a400000, 0x000000070a500000|  0%| F|  |TAMS 0x000000070a400000, 0x000000070a400000| Untracked 
| 111|0x000000070a500000, 0x000000070a500000, 0x000000070a600000|  0%| F|  |TAMS 0x000000070a500000, 0x000000070a500000| Untracked 
| 112|0x000000070a600000, 0x000000070a600000, 0x000000070a700000|  0%| F|  |TAMS 0x000000070a600000, 0x000000070a600000| Untracked 
| 113|0x000000070a700000, 0x000000070a700000, 0x000000070a800000|  0%| F|  |TAMS 0x000000070a700000, 0x000000070a700000| Untracked 
| 114|0x000000070a800000, 0x000000070a800000, 0x000000070a900000|  0%| F|  |TAMS 0x000000070a800000, 0x000000070a800000| Untracked 
| 115|0x000000070a900000, 0x000000070a900000, 0x000000070aa00000|  0%| F|  |TAMS 0x000000070a900000, 0x000000070a900000| Untracked 
| 116|0x000000070aa00000, 0x000000070aa00000, 0x000000070ab00000|  0%| F|  |TAMS 0x000000070aa00000, 0x000000070aa00000| Untracked 
| 117|0x000000070ab00000, 0x000000070ab00000, 0x000000070ac00000|  0%| F|  |TAMS 0x000000070ab00000, 0x000000070ab00000| Untracked 
| 118|0x000000070ac00000, 0x000000070ac00000, 0x000000070ad00000|  0%| F|  |TAMS 0x000000070ac00000, 0x000000070ac00000| Untracked 
| 119|0x000000070ad00000, 0x000000070ad00000, 0x000000070ae00000|  0%| F|  |TAMS 0x000000070ad00000, 0x000000070ad00000| Untracked 
| 120|0x000000070ae00000, 0x000000070ae00000, 0x000000070af00000|  0%| F|  |TAMS 0x000000070ae00000, 0x000000070ae00000| Untracked 
| 121|0x000000070af00000, 0x000000070af00000, 0x000000070b000000|  0%| F|  |TAMS 0x000000070af00000, 0x000000070af00000| Untracked 
| 122|0x000000070b000000, 0x000000070b000000, 0x000000070b100000|  0%| F|  |TAMS 0x000000070b000000, 0x000000070b000000| Untracked 
| 123|0x000000070b100000, 0x000000070b100000, 0x000000070b200000|  0%| F|  |TAMS 0x000000070b100000, 0x000000070b100000| Untracked 
| 124|0x000000070b200000, 0x000000070b200000, 0x000000070b300000|  0%| F|  |TAMS 0x000000070b200000, 0x000000070b200000| Untracked 
| 125|0x000000070b300000, 0x000000070b300000, 0x000000070b400000|  0%| F|  |TAMS 0x000000070b300000, 0x000000070b300000| Untracked 
| 126|0x000000070b400000, 0x000000070b400000, 0x000000070b500000|  0%| F|  |TAMS 0x000000070b400000, 0x000000070b400000| Untracked 
| 127|0x000000070b500000, 0x000000070b500000, 0x000000070b600000|  0%| F|  |TAMS 0x000000070b500000, 0x000000070b500000| Untracked 
| 128|0x000000070b600000, 0x000000070b600000, 0x000000070b700000|  0%| F|  |TAMS 0x000000070b600000, 0x000000070b600000| Untracked 
| 129|0x000000070b700000, 0x000000070b700000, 0x000000070b800000|  0%| F|  |TAMS 0x000000070b700000, 0x000000070b700000| Untracked 
| 130|0x000000070b800000, 0x000000070b800000, 0x000000070b900000|  0%| F|  |TAMS 0x000000070b800000, 0x000000070b800000| Untracked 
| 131|0x000000070b900000, 0x000000070b900000, 0x000000070ba00000|  0%| F|  |TAMS 0x000000070b900000, 0x000000070b900000| Untracked 
| 132|0x000000070ba00000, 0x000000070ba00000, 0x000000070bb00000|  0%| F|  |TAMS 0x000000070ba00000, 0x000000070ba00000| Untracked 
| 133|0x000000070bb00000, 0x000000070bb00000, 0x000000070bc00000|  0%| F|  |TAMS 0x000000070bb00000, 0x000000070bb00000| Untracked 
| 134|0x000000070bc00000, 0x000000070bc00000, 0x000000070bd00000|  0%| F|  |TAMS 0x000000070bc00000, 0x000000070bc00000| Untracked 
| 135|0x000000070bd00000, 0x000000070bd00000, 0x000000070be00000|  0%| F|  |TAMS 0x000000070bd00000, 0x000000070bd00000| Untracked 
| 136|0x000000070be00000, 0x000000070be00000, 0x000000070bf00000|  0%| F|  |TAMS 0x000000070be00000, 0x000000070be00000| Untracked 
| 137|0x000000070bf00000, 0x000000070bf00000, 0x000000070c000000|  0%| F|  |TAMS 0x000000070bf00000, 0x000000070bf00000| Untracked 
| 138|0x000000070c000000, 0x000000070c000000, 0x000000070c100000|  0%| F|  |TAMS 0x000000070c000000, 0x000000070c000000| Untracked 
| 139|0x000000070c100000, 0x000000070c100000, 0x000000070c200000|  0%| F|  |TAMS 0x000000070c100000, 0x000000070c100000| Untracked 
| 140|0x000000070c200000, 0x000000070c200000, 0x000000070c300000|  0%| F|  |TAMS 0x000000070c200000, 0x000000070c200000| Untracked 
| 141|0x000000070c300000, 0x000000070c300000, 0x000000070c400000|  0%| F|  |TAMS 0x000000070c300000, 0x000000070c300000| Untracked 
| 142|0x000000070c400000, 0x000000070c400000, 0x000000070c500000|  0%| F|  |TAMS 0x000000070c400000, 0x000000070c400000| Untracked 
| 143|0x000000070c500000, 0x000000070c500000, 0x000000070c600000|  0%| F|  |TAMS 0x000000070c500000, 0x000000070c500000| Untracked 
| 144|0x000000070c600000, 0x000000070c600000, 0x000000070c700000|  0%| F|  |TAMS 0x000000070c600000, 0x000000070c600000| Untracked 
| 145|0x000000070c700000, 0x000000070c700000, 0x000000070c800000|  0%| F|  |TAMS 0x000000070c700000, 0x000000070c700000| Untracked 
| 146|0x000000070c800000, 0x000000070c800000, 0x000000070c900000|  0%| F|  |TAMS 0x000000070c800000, 0x000000070c800000| Untracked 
| 147|0x000000070c900000, 0x000000070c900000, 0x000000070ca00000|  0%| F|  |TAMS 0x000000070c900000, 0x000000070c900000| Untracked 
| 148|0x000000070ca00000, 0x000000070ca00000, 0x000000070cb00000|  0%| F|  |TAMS 0x000000070ca00000, 0x000000070ca00000| Untracked 
| 149|0x000000070cb00000, 0x000000070cb00000, 0x000000070cc00000|  0%| F|  |TAMS 0x000000070cb00000, 0x000000070cb00000| Untracked 
| 150|0x000000070cc00000, 0x000000070cc00000, 0x000000070cd00000|  0%| F|  |TAMS 0x000000070cc00000, 0x000000070cc00000| Untracked 
| 151|0x000000070cd00000, 0x000000070cd00000, 0x000000070ce00000|  0%| F|  |TAMS 0x000000070cd00000, 0x000000070cd00000| Untracked 
| 152|0x000000070ce00000, 0x000000070ce00000, 0x000000070cf00000|  0%| F|  |TAMS 0x000000070ce00000, 0x000000070ce00000| Untracked 
| 153|0x000000070cf00000, 0x000000070cf00000, 0x000000070d000000|  0%| F|  |TAMS 0x000000070cf00000, 0x000000070cf00000| Untracked 
| 154|0x000000070d000000, 0x000000070d000000, 0x000000070d100000|  0%| F|  |TAMS 0x000000070d000000, 0x000000070d000000| Untracked 
| 155|0x000000070d100000, 0x000000070d100000, 0x000000070d200000|  0%| F|  |TAMS 0x000000070d100000, 0x000000070d100000| Untracked 
| 156|0x000000070d200000, 0x000000070d200000, 0x000000070d300000|  0%| F|  |TAMS 0x000000070d200000, 0x000000070d200000| Untracked 
| 157|0x000000070d300000, 0x000000070d300000, 0x000000070d400000|  0%| F|  |TAMS 0x000000070d300000, 0x000000070d300000| Untracked 
| 158|0x000000070d400000, 0x000000070d400000, 0x000000070d500000|  0%| F|  |TAMS 0x000000070d400000, 0x000000070d400000| Untracked 
| 159|0x000000070d500000, 0x000000070d500000, 0x000000070d600000|  0%| F|  |TAMS 0x000000070d500000, 0x000000070d500000| Untracked 
| 160|0x000000070d600000, 0x000000070d600000, 0x000000070d700000|  0%| F|  |TAMS 0x000000070d600000, 0x000000070d600000| Untracked 
| 161|0x000000070d700000, 0x000000070d700000, 0x000000070d800000|  0%| F|  |TAMS 0x000000070d700000, 0x000000070d700000| Untracked 
| 162|0x000000070d800000, 0x000000070d800000, 0x000000070d900000|  0%| F|  |TAMS 0x000000070d800000, 0x000000070d800000| Untracked 
| 163|0x000000070d900000, 0x000000070d900000, 0x000000070da00000|  0%| F|  |TAMS 0x000000070d900000, 0x000000070d900000| Untracked 
| 164|0x000000070da00000, 0x000000070da00000, 0x000000070db00000|  0%| F|  |TAMS 0x000000070da00000, 0x000000070da00000| Untracked 
| 165|0x000000070db00000, 0x000000070db00000, 0x000000070dc00000|  0%| F|  |TAMS 0x000000070db00000, 0x000000070db00000| Untracked 
| 166|0x000000070dc00000, 0x000000070dc00000, 0x000000070dd00000|  0%| F|  |TAMS 0x000000070dc00000, 0x000000070dc00000| Untracked 
| 167|0x000000070dd00000, 0x000000070dd00000, 0x000000070de00000|  0%| F|  |TAMS 0x000000070dd00000, 0x000000070dd00000| Untracked 
| 168|0x000000070de00000, 0x000000070de00000, 0x000000070df00000|  0%| F|  |TAMS 0x000000070de00000, 0x000000070de00000| Untracked 
| 169|0x000000070df00000, 0x000000070df00000, 0x000000070e000000|  0%| F|  |TAMS 0x000000070df00000, 0x000000070df00000| Untracked 
| 170|0x000000070e000000, 0x000000070e000000, 0x000000070e100000|  0%| F|  |TAMS 0x000000070e000000, 0x000000070e000000| Untracked 
| 171|0x000000070e100000, 0x000000070e100000, 0x000000070e200000|  0%| F|  |TAMS 0x000000070e100000, 0x000000070e100000| Untracked 
| 172|0x000000070e200000, 0x000000070e200000, 0x000000070e300000|  0%| F|  |TAMS 0x000000070e200000, 0x000000070e200000| Untracked 
| 173|0x000000070e300000, 0x000000070e300000, 0x000000070e400000|  0%| F|  |TAMS 0x000000070e300000, 0x000000070e300000| Untracked 
| 174|0x000000070e400000, 0x000000070e400000, 0x000000070e500000|  0%| F|  |TAMS 0x000000070e400000, 0x000000070e400000| Untracked 
| 175|0x000000070e500000, 0x000000070e500000, 0x000000070e600000|  0%| F|  |TAMS 0x000000070e500000, 0x000000070e500000| Untracked 
| 176|0x000000070e600000, 0x000000070e600000, 0x000000070e700000|  0%| F|  |TAMS 0x000000070e600000, 0x000000070e600000| Untracked 
| 177|0x000000070e700000, 0x000000070e700000, 0x000000070e800000|  0%| F|  |TAMS 0x000000070e700000, 0x000000070e700000| Untracked 
| 178|0x000000070e800000, 0x000000070e800000, 0x000000070e900000|  0%| F|  |TAMS 0x000000070e800000, 0x000000070e800000| Untracked 
| 179|0x000000070e900000, 0x000000070e900000, 0x000000070ea00000|  0%| F|  |TAMS 0x000000070e900000, 0x000000070e900000| Untracked 
| 180|0x000000070ea00000, 0x000000070ea00000, 0x000000070eb00000|  0%| F|  |TAMS 0x000000070ea00000, 0x000000070ea00000| Untracked 
| 181|0x000000070eb00000, 0x000000070eb00000, 0x000000070ec00000|  0%| F|  |TAMS 0x000000070eb00000, 0x000000070eb00000| Untracked 
| 182|0x000000070ec00000, 0x000000070ec00000, 0x000000070ed00000|  0%| F|  |TAMS 0x000000070ec00000, 0x000000070ec00000| Untracked 
| 183|0x000000070ed00000, 0x000000070ed00000, 0x000000070ee00000|  0%| F|  |TAMS 0x000000070ed00000, 0x000000070ed00000| Untracked 
| 184|0x000000070ee00000, 0x000000070ee00000, 0x000000070ef00000|  0%| F|  |TAMS 0x000000070ee00000, 0x000000070ee00000| Untracked 
| 185|0x000000070ef00000, 0x000000070ef00000, 0x000000070f000000|  0%| F|  |TAMS 0x000000070ef00000, 0x000000070ef00000| Untracked 
| 186|0x000000070f000000, 0x000000070f000000, 0x000000070f100000|  0%| F|  |TAMS 0x000000070f000000, 0x000000070f000000| Untracked 
| 187|0x000000070f100000, 0x000000070f100000, 0x000000070f200000|  0%| F|  |TAMS 0x000000070f100000, 0x000000070f100000| Untracked 
| 188|0x000000070f200000, 0x000000070f200000, 0x000000070f300000|  0%| F|  |TAMS 0x000000070f200000, 0x000000070f200000| Untracked 
| 189|0x000000070f300000, 0x000000070f300000, 0x000000070f400000|  0%| F|  |TAMS 0x000000070f300000, 0x000000070f300000| Untracked 
| 190|0x000000070f400000, 0x000000070f400000, 0x000000070f500000|  0%| F|  |TAMS 0x000000070f400000, 0x000000070f400000| Untracked 
| 191|0x000000070f500000, 0x000000070f500000, 0x000000070f600000|  0%| F|  |TAMS 0x000000070f500000, 0x000000070f500000| Untracked 
| 192|0x000000070f600000, 0x000000070f600000, 0x000000070f700000|  0%| F|  |TAMS 0x000000070f600000, 0x000000070f600000| Untracked 
| 193|0x000000070f700000, 0x000000070f700000, 0x000000070f800000|  0%| F|  |TAMS 0x000000070f700000, 0x000000070f700000| Untracked 
| 194|0x000000070f800000, 0x000000070f800000, 0x000000070f900000|  0%| F|  |TAMS 0x000000070f800000, 0x000000070f800000| Untracked 
| 195|0x000000070f900000, 0x000000070f900000, 0x000000070fa00000|  0%| F|  |TAMS 0x000000070f900000, 0x000000070f900000| Untracked 
| 196|0x000000070fa00000, 0x000000070fa00000, 0x000000070fb00000|  0%| F|  |TAMS 0x000000070fa00000, 0x000000070fa00000| Untracked 
| 197|0x000000070fb00000, 0x000000070fb00000, 0x000000070fc00000|  0%| F|  |TAMS 0x000000070fb00000, 0x000000070fb00000| Untracked 
| 198|0x000000070fc00000, 0x000000070fc00000, 0x000000070fd00000|  0%| F|  |TAMS 0x000000070fc00000, 0x000000070fc00000| Untracked 
| 199|0x000000070fd00000, 0x000000070fd00000, 0x000000070fe00000|  0%| F|  |TAMS 0x000000070fd00000, 0x000000070fd00000| Untracked 
| 200|0x000000070fe00000, 0x000000070fe00000, 0x000000070ff00000|  0%| F|  |TAMS 0x000000070fe00000, 0x000000070fe00000| Untracked 
| 201|0x000000070ff00000, 0x000000070ff00000, 0x0000000710000000|  0%| F|  |TAMS 0x000000070ff00000, 0x000000070ff00000| Untracked 
| 202|0x0000000710000000, 0x0000000710000000, 0x0000000710100000|  0%| F|  |TAMS 0x0000000710000000, 0x0000000710000000| Untracked 
| 203|0x0000000710100000, 0x0000000710100000, 0x0000000710200000|  0%| F|  |TAMS 0x0000000710100000, 0x0000000710100000| Untracked 
| 204|0x0000000710200000, 0x0000000710200000, 0x0000000710300000|  0%| F|  |TAMS 0x0000000710200000, 0x0000000710200000| Untracked 
| 205|0x0000000710300000, 0x0000000710300000, 0x0000000710400000|  0%| F|  |TAMS 0x0000000710300000, 0x0000000710300000| Untracked 
| 206|0x0000000710400000, 0x0000000710400000, 0x0000000710500000|  0%| F|  |TAMS 0x0000000710400000, 0x0000000710400000| Untracked 
| 207|0x0000000710500000, 0x0000000710500000, 0x0000000710600000|  0%| F|  |TAMS 0x0000000710500000, 0x0000000710500000| Untracked 
| 208|0x0000000710600000, 0x0000000710600000, 0x0000000710700000|  0%| F|  |TAMS 0x0000000710600000, 0x0000000710600000| Untracked 
| 209|0x0000000710700000, 0x0000000710700000, 0x0000000710800000|  0%| F|  |TAMS 0x0000000710700000, 0x0000000710700000| Untracked 
| 210|0x0000000710800000, 0x0000000710800000, 0x0000000710900000|  0%| F|  |TAMS 0x0000000710800000, 0x0000000710800000| Untracked 
| 211|0x0000000710900000, 0x0000000710900000, 0x0000000710a00000|  0%| F|  |TAMS 0x0000000710900000, 0x0000000710900000| Untracked 
| 212|0x0000000710a00000, 0x0000000710a00000, 0x0000000710b00000|  0%| F|  |TAMS 0x0000000710a00000, 0x0000000710a00000| Untracked 
| 213|0x0000000710b00000, 0x0000000710b00000, 0x0000000710c00000|  0%| F|  |TAMS 0x0000000710b00000, 0x0000000710b00000| Untracked 
| 214|0x0000000710c00000, 0x0000000710c00000, 0x0000000710d00000|  0%| F|  |TAMS 0x0000000710c00000, 0x0000000710c00000| Untracked 
| 215|0x0000000710d00000, 0x0000000710d00000, 0x0000000710e00000|  0%| F|  |TAMS 0x0000000710d00000, 0x0000000710d00000| Untracked 
| 216|0x0000000710e00000, 0x0000000710e00000, 0x0000000710f00000|  0%| F|  |TAMS 0x0000000710e00000, 0x0000000710e00000| Untracked 
| 217|0x0000000710f00000, 0x0000000710f00000, 0x0000000711000000|  0%| F|  |TAMS 0x0000000710f00000, 0x0000000710f00000| Untracked 
| 218|0x0000000711000000, 0x0000000711000000, 0x0000000711100000|  0%| F|  |TAMS 0x0000000711000000, 0x0000000711000000| Untracked 
| 219|0x0000000711100000, 0x0000000711100000, 0x0000000711200000|  0%| F|  |TAMS 0x0000000711100000, 0x0000000711100000| Untracked 
| 220|0x0000000711200000, 0x0000000711200000, 0x0000000711300000|  0%| F|  |TAMS 0x0000000711200000, 0x0000000711200000| Untracked 
| 221|0x0000000711300000, 0x0000000711300000, 0x0000000711400000|  0%| F|  |TAMS 0x0000000711300000, 0x0000000711300000| Untracked 
| 222|0x0000000711400000, 0x0000000711400000, 0x0000000711500000|  0%| F|  |TAMS 0x0000000711400000, 0x0000000711400000| Untracked 
| 223|0x0000000711500000, 0x0000000711500000, 0x0000000711600000|  0%| F|  |TAMS 0x0000000711500000, 0x0000000711500000| Untracked 
| 224|0x0000000711600000, 0x0000000711600000, 0x0000000711700000|  0%| F|  |TAMS 0x0000000711600000, 0x0000000711600000| Untracked 
| 225|0x0000000711700000, 0x0000000711700000, 0x0000000711800000|  0%| F|  |TAMS 0x0000000711700000, 0x0000000711700000| Untracked 
| 226|0x0000000711800000, 0x0000000711800000, 0x0000000711900000|  0%| F|  |TAMS 0x0000000711800000, 0x0000000711800000| Untracked 
| 227|0x0000000711900000, 0x0000000711a00000, 0x0000000711a00000|100%| S|CS|TAMS 0x0000000711900000, 0x0000000711900000| Complete 
| 228|0x0000000711a00000, 0x0000000711b00000, 0x0000000711b00000|100%| S|CS|TAMS 0x0000000711a00000, 0x0000000711a00000| Complete 
| 229|0x0000000711b00000, 0x0000000711c00000, 0x0000000711c00000|100%| S|CS|TAMS 0x0000000711b00000, 0x0000000711b00000| Complete 
| 230|0x0000000711c00000, 0x0000000711c00000, 0x0000000711d00000|  0%| F|  |TAMS 0x0000000711c00000, 0x0000000711c00000| Untracked 
| 231|0x0000000711d00000, 0x0000000711d00000, 0x0000000711e00000|  0%| F|  |TAMS 0x0000000711d00000, 0x0000000711d00000| Untracked 
| 232|0x0000000711e00000, 0x0000000711e00000, 0x0000000711f00000|  0%| F|  |TAMS 0x0000000711e00000, 0x0000000711e00000| Untracked 
| 233|0x0000000711f00000, 0x0000000711f00000, 0x0000000712000000|  0%| F|  |TAMS 0x0000000711f00000, 0x0000000711f00000| Untracked 
| 234|0x0000000712000000, 0x0000000712000000, 0x0000000712100000|  0%| F|  |TAMS 0x0000000712000000, 0x0000000712000000| Untracked 
| 235|0x0000000712100000, 0x0000000712100000, 0x0000000712200000|  0%| F|  |TAMS 0x0000000712100000, 0x0000000712100000| Untracked 
| 236|0x0000000712200000, 0x0000000712200000, 0x0000000712300000|  0%| F|  |TAMS 0x0000000712200000, 0x0000000712200000| Untracked 
| 237|0x0000000712300000, 0x0000000712300000, 0x0000000712400000|  0%| F|  |TAMS 0x0000000712300000, 0x0000000712300000| Untracked 
| 238|0x0000000712400000, 0x0000000712400000, 0x0000000712500000|  0%| F|  |TAMS 0x0000000712400000, 0x0000000712400000| Untracked 
| 239|0x0000000712500000, 0x0000000712500000, 0x0000000712600000|  0%| F|  |TAMS 0x0000000712500000, 0x0000000712500000| Untracked 
| 240|0x0000000712600000, 0x0000000712600000, 0x0000000712700000|  0%| F|  |TAMS 0x0000000712600000, 0x0000000712600000| Untracked 
| 241|0x0000000712700000, 0x0000000712700000, 0x0000000712800000|  0%| F|  |TAMS 0x0000000712700000, 0x0000000712700000| Untracked 
| 242|0x0000000712800000, 0x0000000712800000, 0x0000000712900000|  0%| F|  |TAMS 0x0000000712800000, 0x0000000712800000| Untracked 
| 243|0x0000000712900000, 0x0000000712900000, 0x0000000712a00000|  0%| F|  |TAMS 0x0000000712900000, 0x0000000712900000| Untracked 
| 244|0x0000000712a00000, 0x0000000712a00000, 0x0000000712b00000|  0%| F|  |TAMS 0x0000000712a00000, 0x0000000712a00000| Untracked 
| 245|0x0000000712b00000, 0x0000000712b00000, 0x0000000712c00000|  0%| F|  |TAMS 0x0000000712b00000, 0x0000000712b00000| Untracked 
| 246|0x0000000712c00000, 0x0000000712c00000, 0x0000000712d00000|  0%| F|  |TAMS 0x0000000712c00000, 0x0000000712c00000| Untracked 
| 247|0x0000000712d00000, 0x0000000712d00000, 0x0000000712e00000|  0%| F|  |TAMS 0x0000000712d00000, 0x0000000712d00000| Untracked 
| 248|0x0000000712e00000, 0x0000000712e00000, 0x0000000712f00000|  0%| F|  |TAMS 0x0000000712e00000, 0x0000000712e00000| Untracked 
| 249|0x0000000712f00000, 0x0000000712f00000, 0x0000000713000000|  0%| F|  |TAMS 0x0000000712f00000, 0x0000000712f00000| Untracked 
| 250|0x0000000713000000, 0x0000000713000000, 0x0000000713100000|  0%| F|  |TAMS 0x0000000713000000, 0x0000000713000000| Untracked 
| 251|0x0000000713100000, 0x0000000713100000, 0x0000000713200000|  0%| F|  |TAMS 0x0000000713100000, 0x0000000713100000| Untracked 
| 252|0x0000000713200000, 0x0000000713200000, 0x0000000713300000|  0%| F|  |TAMS 0x0000000713200000, 0x0000000713200000| Untracked 
| 253|0x0000000713300000, 0x0000000713380800, 0x0000000713400000| 50%| E|  |TAMS 0x0000000713300000, 0x0000000713300000| Complete 

Card table byte_map: [0x000002d073560000,0x000002d073d50000] _byte_map_base: 0x000002d06fd45000

Marking Bits (Prev, Next): (CMBitMap*) 0x000002d05943b278, (CMBitMap*) 0x000002d05943b2b0
 Prev Bits: [0x000002d074540000, 0x000002d078468000)
 Next Bits: [0x000002d078470000, 0x000002d07c398000)

Polling page: 0x000002d059320000

Metaspace:

Usage:
  Non-class:     11.11 MB capacity,    11.02 MB (>99%) used,    76.43 KB ( <1%) free+waste,    12.25 KB ( <1%) overhead. 
      Class:      1.29 MB capacity,     1.22 MB ( 95%) used,    65.97 KB (  5%) free+waste,     5.19 KB ( <1%) overhead. 
       Both:     12.40 MB capacity,    12.24 MB ( 99%) used,   142.40 KB (  1%) free+waste,    17.44 KB ( <1%) overhead. 

Virtual space:
  Non-class space:       12.00 MB reserved,      11.25 MB ( 94%) committed 
      Class space:        1.00 GB reserved,       1.38 MB ( <1%) committed 
             Both:        1.01 GB reserved,      12.63 MB (  1%) committed 

Chunk freelists:
   Non-Class:  15.00 KB
       Class:  28.00 KB
        Both:  43.00 KB

MaxMetaspaceSize: 17179869184.00 GB
CompressedClassSpaceSize: 1.00 GB
Initial GC threshold: 20.80 MB
Current GC threshold: 20.80 MB
CDS: off

CodeHeap 'non-profiled nmethods': size=120000Kb used=320Kb max_used=320Kb free=119679Kb
 bounds [0x000002d06ade0000, 0x000002d06b050000, 0x000002d072310000]
CodeHeap 'profiled nmethods': size=120000Kb used=2019Kb max_used=2019Kb free=117980Kb
 bounds [0x000002d0638b0000, 0x000002d063b20000, 0x000002d06ade0000]
CodeHeap 'non-nmethods': size=5760Kb used=1135Kb max_used=1156Kb free=4624Kb
 bounds [0x000002d063310000, 0x000002d063580000, 0x000002d0638b0000]
 total_blobs=1360 nmethods=971 adapters=302
 compilation: enabled
              stopped_count=0, restarted_count=0
 full_count=0

Compilation events (20 events):
Event: 0.469 Thread 0x000002d07f854800  930   !   2       java.nio.CharBuffer::wrap (20 bytes)
Event: 0.469 Thread 0x000002d000ca8000  941       4       org.codehaus.plexus.util.xml.pull.MXParser::more (79 bytes)
Event: 0.469 Thread 0x000002d07f854800 nmethod 930 0x000002d063a86590 code [0x000002d063a86760, 0x000002d063a86a58]
Event: 0.469 Thread 0x000002d07f854800  931       2       java.nio.HeapCharBuffer::<init> (21 bytes)
Event: 0.469 Thread 0x000002d07f854800 nmethod 931 0x000002d063a86c10 code [0x000002d063a86dc0, 0x000002d063a86f68]
Event: 0.469 Thread 0x000002d07f854800  925       2       java.nio.CharBuffer::limit (6 bytes)
Event: 0.469 Thread 0x000002d07f854800 nmethod 925 0x000002d063a87090 code [0x000002d063a87240, 0x000002d063a87368]
Event: 0.469 Thread 0x000002d07f854800  926       2       java.nio.CharBuffer::limit (8 bytes)
Event: 0.469 Thread 0x000002d07f854800 nmethod 926 0x000002d063a87410 code [0x000002d063a875c0, 0x000002d063a876e8]
Event: 0.469 Thread 0x000002d07f854800  928   !   2       sun.nio.cs.StreamDecoder::read0 (116 bytes)
Event: 0.469 Thread 0x000002d07f854800 nmethod 928 0x000002d063a87790 code [0x000002d063a87960, 0x000002d063a87e68]
Event: 0.469 Thread 0x000002d07f854800  938       3       org.codehaus.plexus.util.xml.pull.MXParser::isS (30 bytes)
Event: 0.470 Thread 0x000002d07f854800 nmethod 938 0x000002d063a88010 code [0x000002d063a881c0, 0x000002d063a883d8]
Event: 0.470 Thread 0x000002d07f854800  947       3       java.util.jar.JavaUtilJarAccessImpl::getTrustedAttributes (6 bytes)
Event: 0.470 Thread 0x000002d07f854800 nmethod 947 0x000002d063a88490 code [0x000002d063a88640, 0x000002d063a88788]
Event: 0.470 Thread 0x000002d07f854800  948       3       org.codehaus.plexus.util.xml.pull.MXParser::parseStartTag (1195 bytes)
Event: 0.470 Thread 0x000002d000ca8000 nmethod 941 0x000002d06ae29810 code [0x000002d06ae299c0, 0x000002d06ae29ac8]
Event: 0.470 Thread 0x000002d000ca8000  939       4       java.io.WinNTFileSystem::normalize (143 bytes)
Event: 0.472 Thread 0x000002d000ca8000 nmethod 939 0x000002d06ae29c10 code [0x000002d06ae29de0, 0x000002d06ae2a068]
Event: 0.472 Thread 0x000002d000ca8000  936       4       org.codehaus.plexus.util.xml.XmlReader::read (11 bytes)

GC Heap History (0 events):
No events

Deoptimization events (20 events):
Event: 0.405 Thread 0x000002d0593d7000 Uncommon trap: trap_request=0xffffffde fr.pc=0x000002d06ae199c8 relative=0x0000000000000728
Event: 0.405 Thread 0x000002d0593d7000 Uncommon trap: reason=class_check action=maybe_recompile pc=0x000002d06ae199c8 method=java.util.HashMap.putVal(ILjava/lang/Object;Ljava/lang/Object;ZZ)Ljava/lang/Object; @ 91 c2
Event: 0.405 Thread 0x000002d0593d7000 DEOPT PACKING pc=0x000002d06ae199c8 sp=0x000000f1bdefd4b0
Event: 0.405 Thread 0x000002d0593d7000 DEOPT UNPACKING pc=0x000002d06335a1af sp=0x000000f1bdefd430 mode 2
Event: 0.405 Thread 0x000002d0593d7000 Uncommon trap: trap_request=0xffffffde fr.pc=0x000002d06ae199c8 relative=0x0000000000000728
Event: 0.405 Thread 0x000002d0593d7000 Uncommon trap: reason=class_check action=maybe_recompile pc=0x000002d06ae199c8 method=java.util.HashMap.putVal(ILjava/lang/Object;Ljava/lang/Object;ZZ)Ljava/lang/Object; @ 91 c2
Event: 0.405 Thread 0x000002d0593d7000 DEOPT PACKING pc=0x000002d06ae199c8 sp=0x000000f1bdefd390
Event: 0.405 Thread 0x000002d0593d7000 DEOPT UNPACKING pc=0x000002d06335a1af sp=0x000000f1bdefd310 mode 2
Event: 0.446 Thread 0x000002d0593d7000 Uncommon trap: trap_request=0xffffff4d fr.pc=0x000002d06ae251bc relative=0x000000000000017c
Event: 0.446 Thread 0x000002d0593d7000 Uncommon trap: reason=unstable_if action=reinterpret pc=0x000002d06ae251bc method=java.util.HashMap.getNode(ILjava/lang/Object;)Ljava/util/HashMap$Node; @ 129 c2
Event: 0.446 Thread 0x000002d0593d7000 DEOPT PACKING pc=0x000002d06ae251bc sp=0x000000f1bdefdbe0
Event: 0.446 Thread 0x000002d0593d7000 DEOPT UNPACKING pc=0x000002d06335a1af sp=0x000000f1bdefdb68 mode 2
Event: 0.446 Thread 0x000002d0593d7000 Uncommon trap: trap_request=0xffffff4d fr.pc=0x000002d06ae24948 relative=0x0000000000000648
Event: 0.446 Thread 0x000002d0593d7000 Uncommon trap: reason=unstable_if action=reinterpret pc=0x000002d06ae24948 method=java.util.HashMap.putVal(ILjava/lang/Object;Ljava/lang/Object;ZZ)Ljava/lang/Object; @ 181 c2
Event: 0.446 Thread 0x000002d0593d7000 DEOPT PACKING pc=0x000002d06ae24948 sp=0x000000f1bdefdb70
Event: 0.446 Thread 0x000002d0593d7000 DEOPT UNPACKING pc=0x000002d06335a1af sp=0x000000f1bdefdaf0 mode 2
Event: 0.451 Thread 0x000002d0593d7000 Uncommon trap: trap_request=0xffffff4d fr.pc=0x000002d06ae029cc relative=0x00000000000000ac
Event: 0.451 Thread 0x000002d0593d7000 Uncommon trap: reason=unstable_if action=reinterpret pc=0x000002d06ae029cc method=org.codehaus.plexus.util.xml.pull.MXParser.more()C @ 8 c2
Event: 0.451 Thread 0x000002d0593d7000 DEOPT PACKING pc=0x000002d06ae029cc sp=0x000000f1bdefd7d0
Event: 0.451 Thread 0x000002d0593d7000 DEOPT UNPACKING pc=0x000002d06335a1af sp=0x000000f1bdefd760 mode 2

Classes redefined (0 events):
No events

Internal exceptions (1 events):
Event: 0.156 Thread 0x000002d0593d7000 Exception <a 'java/lang/NoSuchMethodError'{0x000000071304b4a8}: 'int java.lang.invoke.DirectMethodHandle$Holder.invokeSpecialIFC(java.lang.Object, java.lang.Object, int)'> (0x000000071304b4a8) thrown at [./src/hotspot/share/interpreter/linkResolver.cpp, line 773]

Events (20 events):
Event: 0.472 loading class org/apache/maven/repository/RepositorySystem
Event: 0.472 loading class org/apache/maven/repository/RepositorySystem done
Event: 0.472 loading class org/apache/maven/repository/legacy/UpdateCheckManager
Event: 0.472 loading class org/apache/maven/repository/legacy/UpdateCheckManager done
Event: 0.472 loading class org/apache/maven/repository/legacy/repository/ArtifactRepositoryFactory
Event: 0.472 loading class org/apache/maven/repository/legacy/repository/ArtifactRepositoryFactory done
Event: 0.474 loading class org/apache/maven/repository/legacy/resolver/conflict/ConflictResolver
Event: 0.474 loading class org/apache/maven/repository/legacy/resolver/conflict/ConflictResolver done
Event: 0.475 loading class org/apache/maven/repository/legacy/resolver/conflict/ConflictResolverFactory
Event: 0.475 loading class org/apache/maven/repository/legacy/resolver/conflict/ConflictResolverFactory done
Event: 0.475 loading class org/apache/maven/repository/legacy/resolver/transform/ArtifactTransformation
Event: 0.475 loading class org/apache/maven/repository/legacy/resolver/transform/ArtifactTransformation done
Event: 0.476 loading class org/apache/maven/repository/legacy/resolver/transform/ArtifactTransformationManager
Event: 0.476 loading class org/apache/maven/repository/legacy/resolver/transform/ArtifactTransformationManager done
Event: 0.476 loading class org/apache/maven/repository/metadata/ClasspathTransformation
Event: 0.476 loading class org/apache/maven/repository/metadata/ClasspathTransformation done
Event: 0.476 loading class org/eclipse/sisu/plexus/ConfigurationImpl
Event: 0.476 loading class org/eclipse/sisu/plexus/ConfigurationImpl done
Event: 0.477 loading class org/apache/maven/repository/metadata/GraphConflictResolutionPolicy
Event: 0.477 loading class org/apache/maven/repository/metadata/GraphConflictResolutionPolicy done


Dynamic libraries:
0x00007ff68aaa0000 - 0x00007ff68aaad000 	C:\softwares\openlogic-openjdk-11.0.18+10-windows-x64\bin\java.exe
0x00007ffa50ae0000 - 0x00007ffa50cd0000 	C:\Windows\SYSTEM32\ntdll.dll
0x00007ffa4f840000 - 0x00007ffa4f8f2000 	C:\Windows\System32\KERNEL32.DLL
0x00007ffa4e460000 - 0x00007ffa4e705000 	C:\Windows\System32\KERNELBASE.dll
0x00007ffa4e7a0000 - 0x00007ffa4e89a000 	C:\Windows\System32\ucrtbase.dll
0x00007ffa46240000 - 0x00007ffa46255000 	C:\softwares\openlogic-openjdk-11.0.18+10-windows-x64\bin\VCRUNTIME140.dll
0x00007ffa4b800000 - 0x00007ffa4b817000 	C:\softwares\openlogic-openjdk-11.0.18+10-windows-x64\bin\jli.dll
0x00007ffa50010000 - 0x00007ffa501a4000 	C:\Windows\System32\USER32.dll
0x00007ffa4e710000 - 0x00007ffa4e731000 	C:\Windows\System32\win32u.dll
0x00007ffa3b2b0000 - 0x00007ffa3b534000 	C:\Windows\WinSxS\amd64_microsoft.windows.common-controls_6595b64144ccf1df_6.0.18362.1256_none_9e7e379be45e40e2\COMCTL32.dll
0x00007ffa50370000 - 0x00007ffa50396000 	C:\Windows\System32\GDI32.dll
0x00007ffa50250000 - 0x00007ffa502ee000 	C:\Windows\System32\msvcrt.dll
0x00007ffa4e8a0000 - 0x00007ffa4ea36000 	C:\Windows\System32\gdi32full.dll
0x00007ffa4f500000 - 0x00007ffa4f836000 	C:\Windows\System32\combase.dll
0x00007ffa4e390000 - 0x00007ffa4e42e000 	C:\Windows\System32\msvcp_win.dll
0x00007ffa4f900000 - 0x00007ffa4fa20000 	C:\Windows\System32\RPCRT4.dll
0x00007ffa4da50000 - 0x00007ffa4dad1000 	C:\Windows\System32\bcryptPrimitives.dll
0x00007ffa4ee70000 - 0x00007ffa4ee9e000 	C:\Windows\System32\IMM32.DLL
0x00007ffa484f0000 - 0x00007ffa48594000 	C:\Program Files\McAfee\Endpoint Security\Threat Prevention\Ips\EpMPApi.dll
0x00007ffa4f450000 - 0x00007ffa4f4f3000 	C:\Windows\System32\ADVAPI32.dll
0x00007ffa501b0000 - 0x00007ffa50247000 	C:\Windows\System32\sechost.dll
0x00007ffa4e740000 - 0x00007ffa4e79c000 	C:\Windows\System32\WINTRUST.dll
0x00007ffa4da30000 - 0x00007ffa4da42000 	C:\Windows\System32\MSASN1.dll
0x00007ffa4ea40000 - 0x00007ffa4eb89000 	C:\Windows\System32\CRYPT32.dll
0x0000000062900000 - 0x000000006290c000 	C:\Program Files\McAfee\Endpoint Security\Threat Prevention\Ips\EpMPThe.dll
0x00007ffa49320000 - 0x00007ffa4933b000 	C:\Program Files\McAfee\Endpoint Security\Threat Prevention\Ips\HIPHandlers64.dll
0x00007ffa4ff40000 - 0x00007ffa4ff92000 	C:\Windows\System32\SHLWAPI.dll
0x00007ffa167e0000 - 0x00007ffa1687b000 	C:\softwares\openlogic-openjdk-11.0.18+10-windows-x64\bin\msvcp140.dll
0x00007ffa004b0000 - 0x00007ffa00fc3000 	C:\softwares\openlogic-openjdk-11.0.18+10-windows-x64\bin\server\jvm.dll
0x00007ffa4ff30000 - 0x00007ffa4ff38000 	C:\Windows\System32\PSAPI.DLL
0x00007ffa33b30000 - 0x00007ffa33b39000 	C:\Windows\SYSTEM32\WSOCK32.dll
0x00007ffa46830000 - 0x00007ffa4683a000 	C:\Windows\SYSTEM32\VERSION.dll
0x00007ffa46a10000 - 0x00007ffa46a34000 	C:\Windows\SYSTEM32\WINMM.dll
0x00007ffa4ffa0000 - 0x00007ffa5000f000 	C:\Windows\System32\WS2_32.dll
0x00007ffa469e0000 - 0x00007ffa46a0d000 	C:\Windows\SYSTEM32\winmmbase.dll
0x00007ffa4db00000 - 0x00007ffa4db4a000 	C:\Windows\System32\cfgmgr32.dll
0x00007ffa4d990000 - 0x00007ffa4d9a1000 	C:\Windows\System32\kernel.appcore.dll
0x00007ffa4b870000 - 0x00007ffa4b880000 	C:\softwares\openlogic-openjdk-11.0.18+10-windows-x64\bin\verify.dll
0x00007ffa38b60000 - 0x00007ffa38d54000 	C:\Windows\SYSTEM32\DBGHELP.DLL
0x00007ffa349d0000 - 0x00007ffa349fa000 	C:\Windows\SYSTEM32\dbgcore.DLL
0x00007ffa4b840000 - 0x00007ffa4b868000 	C:\softwares\openlogic-openjdk-11.0.18+10-windows-x64\bin\java.dll
0x00007ffa4b830000 - 0x00007ffa4b83a000 	C:\softwares\openlogic-openjdk-11.0.18+10-windows-x64\bin\jimage.dll
0x00007ffa4b7e0000 - 0x00007ffa4b7f8000 	C:\softwares\openlogic-openjdk-11.0.18+10-windows-x64\bin\zip.dll
0x000002d000000000 - 0x000002d0006e7000 	C:\Windows\System32\SHELL32.dll
0x00007ffa4ed40000 - 0x00007ffa4ede9000 	C:\Windows\System32\shcore.dll
0x00007ffa4db50000 - 0x00007ffa4e2d1000 	C:\Windows\System32\windows.storage.dll
0x00007ffa4da00000 - 0x00007ffa4da23000 	C:\Windows\System32\profapi.dll
0x00007ffa4d9b0000 - 0x00007ffa4d9fa000 	C:\Windows\System32\powrprof.dll
0x00007ffa4d980000 - 0x00007ffa4d990000 	C:\Windows\System32\UMPDC.dll
0x00007ffa4dae0000 - 0x00007ffa4daf7000 	C:\Windows\System32\cryptsp.dll
0x00007ffa4b7c0000 - 0x00007ffa4b7d9000 	C:\softwares\openlogic-openjdk-11.0.18+10-windows-x64\bin\net.dll
0x00007ffa450d0000 - 0x00007ffa451c0000 	C:\Windows\SYSTEM32\WINHTTP.dll
0x00007ffa4d1d0000 - 0x00007ffa4d237000 	C:\Windows\system32\mswsock.dll
0x00007ffa49780000 - 0x00007ffa49793000 	C:\softwares\openlogic-openjdk-11.0.18+10-windows-x64\bin\nio.dll
0x00007ffa467f0000 - 0x00007ffa467fa000 	C:\softwares\apache-maven-3.6.3\lib\jansi-native\windows64\jansi.dll

dbghelp: loaded successfully - version: 4.0.5 - missing functions: none
symbol engine: initialized successfully - sym options: 0x614 - pdb path: .;C:\softwares\openlogic-openjdk-11.0.18+10-windows-x64\bin;C:\Windows\SYSTEM32;C:\Windows\WinSxS\amd64_microsoft.windows.common-controls_6595b64144ccf1df_6.0.18362.1256_none_9e7e379be45e40e2;C:\Program Files\McAfee\Endpoint Security\Threat Prevention\Ips;C:\softwares\openlogic-openjdk-11.0.18+10-windows-x64\bin\server;C:\softwares\apache-maven-3.6.3\lib\jansi-native\windows64

VM Arguments:
jvm_args: -Dclassworlds.conf=C:\softwares\apache-maven-3.6.3\bin\..\bin\m2.conf -Dmaven.home=C:\softwares\apache-maven-3.6.3\bin\.. -Dlibrary.jansi.path=C:\softwares\apache-maven-3.6.3\bin\..\lib\jansi-native -Dmaven.multiModuleProjectDirectory=D:\works\microservices_training\spring-boot-ribbon\ribbon-server 
java_command: org.codehaus.plexus.classworlds.launcher.Launcher spring-boot:run
java_class_path (initial): C:\softwares\apache-maven-3.6.3\bin\..\boot\plexus-classworlds-2.6.0.jar
Launcher Type: SUN_STANDARD

[Global flags]
     intx CICompilerCount                          = 4                                         {product} {ergonomic}
     uint ConcGCThreads                            = 2                                         {product} {ergonomic}
     uint G1ConcRefinementThreads                  = 8                                         {product} {ergonomic}
   size_t G1HeapRegionSize                         = 1048576                                   {product} {ergonomic}
    uintx GCDrainStackTargetSize                   = 64                                        {product} {ergonomic}
   size_t InitialHeapSize                          = 266338304                                 {product} {ergonomic}
   size_t MarkStackSize                            = 4194304                                   {product} {ergonomic}
   size_t MaxHeapSize                              = 4238344192                                {product} {ergonomic}
   size_t MaxNewSize                               = 2542796800                                {product} {ergonomic}
   size_t MinHeapDeltaBytes                        = 1048576                                   {product} {ergonomic}
    uintx NonNMethodCodeHeapSize                   = 5836300                                {pd product} {ergonomic}
    uintx NonProfiledCodeHeapSize                  = 122910970                              {pd product} {ergonomic}
    uintx ProfiledCodeHeapSize                     = 122910970                              {pd product} {ergonomic}
    uintx ReservedCodeCacheSize                    = 251658240                              {pd product} {ergonomic}
     bool SegmentedCodeCache                       = true                                      {product} {ergonomic}
     bool UseCompressedClassPointers               = true                                 {lp64_product} {ergonomic}
     bool UseCompressedOops                        = true                                 {lp64_product} {ergonomic}
     bool UseG1GC                                  = true                                      {product} {ergonomic}
     bool UseLargePagesIndividualAllocation        = false                                  {pd product} {ergonomic}

Logging:
Log output configuration:
 #0: stdout all=warning uptime,level,tags
 #1: stderr all=off uptime,level,tags

Environment Variables:
JAVA_HOME=C:\softwares\openlogic-openjdk-11.0.18+10-windows-x64
PATH=C:\Windows\system32;C:\Windows;C:\Windows\System32\Wbem;C:\Windows\System32\WindowsPowerShell\v1.0\;C:\Windows\System32\OpenSSH\;C:\Program Files\Intel\WiFi\bin\;C:\Program Files\Common Files\Intel\WirelessCommon\;C:\Program Files\PuTTY\;C:\Program Files\Git\cmd;C:\Program Files\nodejs\;C:\Program Files\TortoiseGit\bin;C:\Program Files\MySQL\MySQL Shell 8.0\bin\;D:\Users\mtaqeeulla\AppData\Local\Microsoft\WindowsApps;D:\Users\mtaqeeulla\AppData\Local\Programs\Microsoft VS Code\bin;D:\Users\mtaqeeulla\AppData\Roaming\npm;C:\Program Files (x86)\Oracle\Java Card Development Kit Simulator 3.1.0\bin;C:\softwares\java_card_tools-win-bin-b_17-06_jul_2021\bin;C:\softwares\apache-ant-1.10.13\bin;C:\softwares\openlogic-openjdk-11.0.18+10-windows-x64\bin;C:\softwares\apache-maven-3.6.3\bin;
USERNAME=mtaqeeulla
OS=Windows_NT
PROCESSOR_IDENTIFIER=Intel64 Family 6 Model 142 Stepping 12, GenuineIntel
TMP=D:\Users\MTAQEE~1\AppData\Local\Temp
TEMP=D:\Users\MTAQEE~1\AppData\Local\Temp



---------------  S Y S T E M  ---------------

OS: Windows 10 , 64 bit Build 18362 (10.0.18362.1110)
OS uptime: 0 days 10:23 hours

CPU:total 8 (initial active 8) (4 cores per cpu, 2 threads per core) family 6 model 142 stepping 12 microcode 0xf0, cmov, cx8, fxsr, mmx, sse, sse2, sse3, ssse3, sse4.1, sse4.2, popcnt, avx, avx2, aes, clmul, erms, 3dnowpref, lzcnt, ht, tsc, tscinvbit, bmi1, bmi2, adx, fma

Memory: 4k page, system-wide physical 16163M (3000M free)
TotalPageFile size 16163M (AvailPageFile size 5M)
current process WorkingSet (physical memory assigned to process): 90M, peak: 91M
current process commit charge ("private bytes"): 360M, peak: 362M

vm_info: OpenJDK 64-Bit Server VM (11.0.18+10-adhoc..jdk11u) for windows-amd64 JRE (11.0.18+10-adhoc..jdk11u), built on Jan 18 2023 07:40:41 by "" with MS VC++ 15.9 (VS2017)

END.
